<?xml version="1.0" encoding="UTF-8"?>
<!-- Generated by org.testng.reporters.JUnitXMLReporter -->
<testsuite ignored="48" hostname="BLRSFLT195" failures="1" tests="1" name="Default test" time="28.071" errors="0" timestamp="15 Dec 2022 13:09:46 GMT">
  <testcase classname="org.ags.FooterLinks" name="fellowes" time="10.082">
    <failure type="org.openqa.selenium.NoSuchElementException" message="no such element: Unable to locate element: {&amp;quot;method&amp;quot;:&amp;quot;xpath&amp;quot;,&amp;quot;selector&amp;quot;:&amp;quot;//a[text()=&amp;apos;Fellowes&amp;apos;]&amp;quot;}
  (Session info: chrome=108.0.5359.99)
For documentation on this error, please visit: https://selenium.dev/exceptions/#no_such_element
Build info: version: &amp;apos;4.3.0&amp;apos;, revision: &amp;apos;a4995e2c09*&amp;apos;
System info: host: &amp;apos;BLRSFLT195&amp;apos;, ip: &amp;apos;192.168.10.195&amp;apos;, os.name: &amp;apos;Windows 10&amp;apos;, os.arch: &amp;apos;amd64&amp;apos;, os.version: &amp;apos;10.0&amp;apos;, java.version: &amp;apos;17.0.4&amp;apos;
Driver info: org.openqa.selenium.chrome.ChromeDriver
Command: [57c06c573ddf33dc85a51323b3b153e9, findElement {using=xpath, value=//a[text()=&amp;apos;Fellowes&amp;apos;]}]
Capabilities {acceptInsecureCerts: false, browserName: chrome, browserVersion: 108.0.5359.99, chrome: {chromedriverVersion: 108.0.5359.71 (1e0e3868ee06..., userDataDir: C:\Users\Balaji.p\AppData\L...}, goog:chromeOptions: {debuggerAddress: localhost:63432}, networkConnectionEnabled: false, pageLoadStrategy: normal, platformName: WINDOWS, proxy: Proxy(), se:cdp: ws://localhost:63432/devtoo..., se:cdpVersion: 108.0.5359.99, setWindowRect: true, strictFileInteractability: false, timeouts: {implicit: 0, pageLoad: 300000, script: 30000}, unhandledPromptBehavior: dismiss and notify, webauthn:extension:credBlob: true, webauthn:extension:largeBlob: true, webauthn:virtualAuthenticators: true}
Session ID: 57c06c573ddf33dc85a51323b3b153e9">
      <![CDATA[org.openqa.selenium.NoSuchElementException: no such element: Unable to locate element: {"method":"xpath","selector":"//a[text()='Fellowes']"}
  (Session info: chrome=108.0.5359.99)
For documentation on this error, please visit: https://selenium.dev/exceptions/#no_such_element
Build info: version: '4.3.0', revision: 'a4995e2c09*'
System info: host: 'BLRSFLT195', ip: '192.168.10.195', os.name: 'Windows 10', os.arch: 'amd64', os.version: '10.0', java.version: '17.0.4'
Driver info: org.openqa.selenium.chrome.ChromeDriver
Command: [57c06c573ddf33dc85a51323b3b153e9, findElement {using=xpath, value=//a[text()='Fellowes']}]
Capabilities {acceptInsecureCerts: false, browserName: chrome, browserVersion: 108.0.5359.99, chrome: {chromedriverVersion: 108.0.5359.71 (1e0e3868ee06..., userDataDir: C:\Users\Balaji.p\AppData\L...}, goog:chromeOptions: {debuggerAddress: localhost:63432}, networkConnectionEnabled: false, pageLoadStrategy: normal, platformName: WINDOWS, proxy: Proxy(), se:cdp: ws://localhost:63432/devtoo..., se:cdpVersion: 108.0.5359.99, setWindowRect: true, strictFileInteractability: false, timeouts: {implicit: 0, pageLoad: 300000, script: 30000}, unhandledPromptBehavior: dismiss and notify, webauthn:extension:credBlob: true, webauthn:extension:largeBlob: true, webauthn:virtualAuthenticators: true}
Session ID: 57c06c573ddf33dc85a51323b3b153e9
at java.base/jdk.internal.reflect.NativeConstructorAccessorImpl.newInstance0(Native Method)
at java.base/jdk.internal.reflect.NativeConstructorAccessorImpl.newInstance(NativeConstructorAccessorImpl.java:77)
at java.base/jdk.internal.reflect.DelegatingConstructorAccessorImpl.newInstance(DelegatingConstructorAccessorImpl.java:45)
at java.base/java.lang.reflect.Constructor.newInstanceWithCaller(Constructor.java:499)
at java.base/java.lang.reflect.Constructor.newInstance(Constructor.java:480)
at org.openqa.selenium.remote.codec.w3c.W3CHttpResponseCodec.createException(W3CHttpResponseCodec.java:200)
at org.openqa.selenium.remote.codec.w3c.W3CHttpResponseCodec.decode(W3CHttpResponseCodec.java:133)
at org.openqa.selenium.remote.codec.w3c.W3CHttpResponseCodec.decode(W3CHttpResponseCodec.java:53)
at org.openqa.selenium.remote.HttpCommandExecutor.execute(HttpCommandExecutor.java:184)
at org.openqa.selenium.remote.service.DriverCommandExecutor.invokeExecute(DriverCommandExecutor.java:167)
at org.openqa.selenium.remote.service.DriverCommandExecutor.execute(DriverCommandExecutor.java:142)
at org.openqa.selenium.remote.RemoteWebDriver.execute(RemoteWebDriver.java:569)
at org.openqa.selenium.remote.ElementLocation$ElementFinder$2.findElement(ElementLocation.java:162)
at org.openqa.selenium.remote.ElementLocation.findElement(ElementLocation.java:60)
at org.openqa.selenium.remote.RemoteWebDriver.findElement(RemoteWebDriver.java:387)
at org.openqa.selenium.remote.RemoteWebDriver.findElement(RemoteWebDriver.java:379)
at org.ags.FooterLinks.fellowes(FooterLinks.java:1503)
at java.base/jdk.internal.reflect.NativeMethodAccessorImpl.invoke0(Native Method)
at java.base/jdk.internal.reflect.NativeMethodAccessorImpl.invoke(NativeMethodAccessorImpl.java:77)
at java.base/jdk.internal.reflect.DelegatingMethodAccessorImpl.invoke(DelegatingMethodAccessorImpl.java:43)
at java.base/java.lang.reflect.Method.invoke(Method.java:568)
at org.testng.internal.MethodInvocationHelper.invokeMethod(MethodInvocationHelper.java:124)
at org.testng.internal.Invoker.invokeMethod(Invoker.java:583)
at org.testng.internal.Invoker.invokeTestMethod(Invoker.java:719)
at org.testng.internal.Invoker.invokeTestMethods(Invoker.java:989)
at org.testng.internal.TestMethodWorker.invokeTestMethods(TestMethodWorker.java:125)
at org.testng.internal.TestMethodWorker.run(TestMethodWorker.java:109)
at org.testng.TestRunner.privateRun(TestRunner.java:648)
at org.testng.TestRunner.run(TestRunner.java:505)
at org.testng.SuiteRunner.runTest(SuiteRunner.java:455)
at org.testng.SuiteRunner.runSequentially(SuiteRunner.java:450)
at org.testng.SuiteRunner.privateRun(SuiteRunner.java:415)
at org.testng.SuiteRunner.run(SuiteRunner.java:364)
at org.testng.SuiteRunnerWorker.runSuite(SuiteRunnerWorker.java:52)
at org.testng.SuiteRunnerWorker.run(SuiteRunnerWorker.java:84)
at org.testng.TestNG.runSuitesSequentially(TestNG.java:1208)
at org.testng.TestNG.runSuitesLocally(TestNG.java:1137)
at org.testng.TestNG.runSuites(TestNG.java:1049)
at org.testng.TestNG.run(TestNG.java:1017)
at org.testng.remote.AbstractRemoteTestNG.run(AbstractRemoteTestNG.java:115)
at org.testng.remote.RemoteTestNG.initAndRun(RemoteTestNG.java:251)
at org.testng.remote.RemoteTestNG.main(RemoteTestNG.java:77)
]]>
    </failure>
  </testcase> <!-- fellowes -->
  <testcase classname="org.ags.FooterLinks" name="documentBagsAndDisplayBooks" time="0.0">
    <ignored/>
  </testcase> <!-- documentBagsAndDisplayBooks -->
  <testcase classname="org.ags.FooterLinks" name="perfekt" time="0.0">
    <ignored/>
  </testcase> <!-- perfekt -->
  <testcase classname="org.ags.FooterLinks" name="login" time="0.0">
    <ignored/>
  </testcase> <!-- login -->
  <testcase classname="org.ags.FooterLinks" name="printingPapers" time="0.0">
    <ignored/>
  </testcase> <!-- printingPapers -->
  <testcase classname="org.ags.FooterLinks" name="elfen" time="0.0">
    <ignored/>
  </testcase> <!-- elfen -->
  <testcase classname="org.ags.FooterLinks" name="tapesAdhesives" time="0.0">
    <ignored/>
  </testcase> <!-- tapesAdhesives -->
  <testcase classname="org.ags.FooterLinks" name="elba" time="0.0">
    <ignored/>
  </testcase> <!-- elba -->
  <testcase classname="org.ags.FooterLinks" name="boxFileRingBinders" time="0.0">
    <ignored/>
  </testcase> <!-- boxFileRingBinders -->
  <testcase classname="org.ags.FooterLinks" name="accountSetting" time="0.0">
    <ignored/>
  </testcase> <!-- accountSetting -->
  <testcase classname="org.ags.FooterLinks" name="M3" time="0.0">
    <ignored/>
  </testcase> <!-- M3 -->
  <testcase classname="org.ags.FooterLinks" name="rexel" time="0.0">
    <ignored/>
  </testcase> <!-- rexel -->
  <testcase classname="org.ags.FooterLinks" name="dividersAndSpineBars" time="0.0">
    <ignored/>
  </testcase> <!-- dividersAndSpineBars -->
  <testcase classname="org.ags.FooterLinks" name="hsm" time="0.0">
    <ignored/>
  </testcase> <!-- hsm -->
  <testcase classname="org.ags.FooterLinks" name="airPurifiers" time="0.0">
    <ignored/>
  </testcase> <!-- airPurifiers -->
  <testcase classname="org.ags.FooterLinks" name="avery" time="0.0">
    <ignored/>
  </testcase> <!-- avery -->
  <testcase classname="org.ags.FooterLinks" name="whoWeAre" time="0.0">
    <ignored/>
  </testcase> <!-- whoWeAre -->
  <testcase classname="org.ags.FooterLinks" name="uAE" time="0.0">
    <ignored/>
  </testcase> <!-- uAE -->
  <testcase classname="org.ags.FooterLinks" name="paperOne" time="0.0">
    <ignored/>
  </testcase> <!-- paperOne -->
  <testcase classname="org.ags.FooterLinks" name="termsAndCondition" time="0.0">
    <ignored/>
  </testcase> <!-- termsAndCondition -->
  <testcase classname="org.ags.FooterLinks" name="edding" time="0.0">
    <ignored/>
  </testcase> <!-- edding -->
  <testcase classname="org.ags.FooterLinks" name="shredders" time="0.0">
    <ignored/>
  </testcase> <!-- shredders -->
  <testcase classname="org.ags.FooterLinks" name="returnsRefunds" time="0.0">
    <ignored/>
  </testcase> <!-- returnsRefunds -->
  <testcase classname="org.ags.FooterLinks" name="durable" time="0.0">
    <ignored/>
  </testcase> <!-- durable -->
  <testcase classname="org.ags.FooterLinks" name="notebookAndWritingpads" time="0.0">
    <ignored/>
  </testcase> <!-- notebookAndWritingpads -->
  <testcase classname="org.ags.FooterLinks" name="deliveryPolicy" time="0.0">
    <ignored/>
  </testcase> <!-- deliveryPolicy -->
  <testcase classname="org.ags.FooterLinks" name="punctureStaplerScissors" time="0.0">
    <ignored/>
  </testcase> <!-- punctureStaplerScissors -->
  <testcase classname="org.ags.FooterLinks" name="deli" time="0.0">
    <ignored/>
  </testcase> <!-- deli -->
  <testcase classname="org.ags.FooterLinks" name="writingInstruments" time="0.0">
    <ignored/>
  </testcase> <!-- writingInstruments -->
  <testcase classname="org.ags.FooterLinks" name="omega" time="0.0">
    <ignored/>
  </testcase> <!-- omega -->
  <testcase classname="org.ags.FooterLinks" name="deskSupplies" time="0.0">
    <ignored/>
  </testcase> <!-- deskSupplies -->
  <testcase classname="org.ags.FooterLinks" name="labelMakers" time="0.0">
    <ignored/>
  </testcase> <!-- labelMakers -->
  <testcase classname="org.ags.FooterLinks" name="privacyPolicy" time="0.0">
    <ignored/>
  </testcase> <!-- privacyPolicy -->
  <testcase classname="org.ags.FooterLinks" name="businessServices" time="0.0">
    <ignored/>
  </testcase> <!-- businessServices -->
  <testcase classname="org.ags.FooterLinks" name="ourLocations" time="0.0">
    <ignored/>
  </testcase> <!-- ourLocations -->
  <testcase classname="org.ags.FooterLinks" name="bic" time="0.0">
    <ignored/>
  </testcase> <!-- bic -->
  <testcase classname="org.ags.FooterLinks" name="contactUs" time="0.0">
    <ignored/>
  </testcase> <!-- contactUs -->
  <testcase classname="org.ags.FooterLinks" name="laminators" time="0.0">
    <ignored/>
  </testcase> <!-- laminators -->
  <testcase classname="org.ags.FooterLinks" name="register" time="0.0">
    <ignored/>
  </testcase> <!-- register -->
  <testcase classname="org.ags.FooterLinks" name="businesLogReg" time="0.0">
    <ignored/>
  </testcase> <!-- businesLogReg -->
  <testcase classname="org.ags.FooterLinks" name="generalSupplies" time="0.0">
    <ignored/>
  </testcase> <!-- generalSupplies -->
  <testcase classname="org.ags.FooterLinks" name="supplyAccessories" time="0.0">
    <ignored/>
  </testcase> <!-- supplyAccessories -->
  <testcase classname="org.ags.FooterLinks" name="siteMap" time="0.0">
    <ignored/>
  </testcase> <!-- siteMap -->
  <testcase classname="org.ags.FooterLinks" name="officeSupplies" time="0.0">
    <ignored/>
  </testcase> <!-- officeSupplies -->
  <testcase classname="org.ags.FooterLinks" name="calculators" time="0.0">
    <ignored/>
  </testcase> <!-- calculators -->
  <testcase classname="org.ags.FooterLinks" name="otherFilesAndFolders" time="0.0">
    <ignored/>
  </testcase> <!-- otherFilesAndFolders -->
  <testcase classname="org.ags.FooterLinks" name="falken" time="0.0">
    <ignored/>
  </testcase> <!-- falken -->
  <testcase classname="org.ags.FooterLinks" name="careers" time="0.0">
    <ignored/>
  </testcase> <!-- careers -->
  <testcase classname="org.ags.FooterLinks" name="faqs" time="0.0">
    <ignored/>
  </testcase> <!-- faqs -->
</testsuite> <!-- Default test -->
