<?xml version="1.0" encoding="UTF-8"?>
<!-- Generated by org.testng.reporters.JUnitReportReporter -->
<testsuite hostname="BLRSFLT195" failures="0" tests="49" name="org.ags.FooterLinks" time="10.082" errors="1" timestamp="15 Dec 2022 13:09:47 GMT" skipped="48">
  <testcase classname="org.ags.FooterLinks" name="fellowes" time="10.082">
    <error message="no such element: Unable to locate element: {&quot;method&quot;:&quot;xpath&quot;,&quot;selector&quot;:&quot;//a[text()=&#039;Fellowes&#039;]&quot;}
  (Session info: chrome=108.0.5359.99)
For documentation on this error, please visit: https://selenium.dev/exceptions/#no_such_element
Build info: version: &#039;4.3.0&#039;, revision: &#039;a4995e2c09*&#039;
System info: host: &#039;BLRSFLT195&#039;, ip: &#039;192.168.10.195&#039;, os.name: &#039;Windows 10&#039;, os.arch: &#039;amd64&#039;, os.version: &#039;10.0&#039;, java.version: &#039;17.0.4&#039;
Driver info: org.openqa.selenium.chrome.ChromeDriver
Command: [57c06c573ddf33dc85a51323b3b153e9, findElement {using=xpath, value=//a[text()=&#039;Fellowes&#039;]}]
Capabilities {acceptInsecureCerts: false, browserName: chrome, browserVersion: 108.0.5359.99, chrome: {chromedriverVersion: 108.0.5359.71 (1e0e3868ee06..., userDataDir: C:\Users\Balaji.p\AppData\L...}, goog:chromeOptions: {debuggerAddress: localhost:63432}, networkConnectionEnabled: false, pageLoadStrategy: normal, platformName: WINDOWS, proxy: Proxy(), se:cdp: ws://localhost:63432/devtoo..., se:cdpVersion: 108.0.5359.99, setWindowRect: true, strictFileInteractability: false, timeouts: {implicit: 0, pageLoad: 300000, script: 30000}, unhandledPromptBehavior: dismiss and notify, webauthn:extension:credBlob: true, webauthn:extension:largeBlob: true, webauthn:virtualAuthenticators: true}
Session ID: 57c06c573ddf33dc85a51323b3b153e9" type="org.openqa.selenium.NoSuchElementException">
      <![CDATA[org.openqa.selenium.NoSuchElementException: no such element: Unable to locate element: {"method":"xpath","selector":"//a[text()='Fellowes']"}
  (Session info: chrome=108.0.5359.99)
For documentation on this error, please visit: https://selenium.dev/exceptions/#no_such_element
Build info: version: '4.3.0', revision: 'a4995e2c09*'
System info: host: 'BLRSFLT195', ip: '192.168.10.195', os.name: 'Windows 10', os.arch: 'amd64', os.version: '10.0', java.version: '17.0.4'
Driver info: org.openqa.selenium.chrome.ChromeDriver
Command: [57c06c573ddf33dc85a51323b3b153e9, findElement {using=xpath, value=//a[text()='Fellowes']}]
Capabilities {acceptInsecureCerts: false, browserName: chrome, browserVersion: 108.0.5359.99, chrome: {chromedriverVersion: 108.0.5359.71 (1e0e3868ee06..., userDataDir: C:\Users\Balaji.p\AppData\L...}, goog:chromeOptions: {debuggerAddress: localhost:63432}, networkConnectionEnabled: false, pageLoadStrategy: normal, platformName: WINDOWS, proxy: Proxy(), se:cdp: ws://localhost:63432/devtoo..., se:cdpVersion: 108.0.5359.99, setWindowRect: true, strictFileInteractability: false, timeouts: {implicit: 0, pageLoad: 300000, script: 30000}, unhandledPromptBehavior: dismiss and notify, webauthn:extension:credBlob: true, webauthn:extension:largeBlob: true, webauthn:virtualAuthenticators: true}
Session ID: 57c06c573ddf33dc85a51323b3b153e9
at java.base/jdk.internal.reflect.NativeConstructorAccessorImpl.newInstance0(Native Method)
at java.base/jdk.internal.reflect.NativeConstructorAccessorImpl.newInstance(NativeConstructorAccessorImpl.java:77)
at java.base/jdk.internal.reflect.DelegatingConstructorAccessorImpl.newInstance(DelegatingConstructorAccessorImpl.java:45)
at java.base/java.lang.reflect.Constructor.newInstanceWithCaller(Constructor.java:499)
at java.base/java.lang.reflect.Constructor.newInstance(Constructor.java:480)
at org.openqa.selenium.remote.codec.w3c.W3CHttpResponseCodec.createException(W3CHttpResponseCodec.java:200)
at org.openqa.selenium.remote.codec.w3c.W3CHttpResponseCodec.decode(W3CHttpResponseCodec.java:133)
at org.openqa.selenium.remote.codec.w3c.W3CHttpResponseCodec.decode(W3CHttpResponseCodec.java:53)
at org.openqa.selenium.remote.HttpCommandExecutor.execute(HttpCommandExecutor.java:184)
at org.openqa.selenium.remote.service.DriverCommandExecutor.invokeExecute(DriverCommandExecutor.java:167)
at org.openqa.selenium.remote.service.DriverCommandExecutor.execute(DriverCommandExecutor.java:142)
at org.openqa.selenium.remote.RemoteWebDriver.execute(RemoteWebDriver.java:569)
at org.openqa.selenium.remote.ElementLocation$ElementFinder$2.findElement(ElementLocation.java:162)
at org.openqa.selenium.remote.ElementLocation.findElement(ElementLocation.java:60)
at org.openqa.selenium.remote.RemoteWebDriver.findElement(RemoteWebDriver.java:387)
at org.openqa.selenium.remote.RemoteWebDriver.findElement(RemoteWebDriver.java:379)
at org.ags.FooterLinks.fellowes(FooterLinks.java:1503)
at java.base/jdk.internal.reflect.NativeMethodAccessorImpl.invoke0(Native Method)
at java.base/jdk.internal.reflect.NativeMethodAccessorImpl.invoke(NativeMethodAccessorImpl.java:77)
at java.base/jdk.internal.reflect.DelegatingMethodAccessorImpl.invoke(DelegatingMethodAccessorImpl.java:43)
at java.base/java.lang.reflect.Method.invoke(Method.java:568)
at org.testng.internal.MethodInvocationHelper.invokeMethod(MethodInvocationHelper.java:124)
at org.testng.internal.Invoker.invokeMethod(Invoker.java:583)
at org.testng.internal.Invoker.invokeTestMethod(Invoker.java:719)
at org.testng.internal.Invoker.invokeTestMethods(Invoker.java:989)
at org.testng.internal.TestMethodWorker.invokeTestMethods(TestMethodWorker.java:125)
at org.testng.internal.TestMethodWorker.run(TestMethodWorker.java:109)
at org.testng.TestRunner.privateRun(TestRunner.java:648)
at org.testng.TestRunner.run(TestRunner.java:505)
at org.testng.SuiteRunner.runTest(SuiteRunner.java:455)
at org.testng.SuiteRunner.runSequentially(SuiteRunner.java:450)
at org.testng.SuiteRunner.privateRun(SuiteRunner.java:415)
at org.testng.SuiteRunner.run(SuiteRunner.java:364)
at org.testng.SuiteRunnerWorker.runSuite(SuiteRunnerWorker.java:52)
at org.testng.SuiteRunnerWorker.run(SuiteRunnerWorker.java:84)
at org.testng.TestNG.runSuitesSequentially(TestNG.java:1208)
at org.testng.TestNG.runSuitesLocally(TestNG.java:1137)
at org.testng.TestNG.runSuites(TestNG.java:1049)
at org.testng.TestNG.run(TestNG.java:1017)
at org.testng.remote.AbstractRemoteTestNG.run(AbstractRemoteTestNG.java:115)
at org.testng.remote.RemoteTestNG.initAndRun(RemoteTestNG.java:251)
at org.testng.remote.RemoteTestNG.main(RemoteTestNG.java:77)
]]>
    </error>
  </testcase> <!-- fellowes -->
  <testcase classname="org.ags.FooterLinks" name="documentBagsAndDisplayBooks">
    <skipped/>
  </testcase> <!-- documentBagsAndDisplayBooks -->
  <testcase classname="org.ags.FooterLinks" name="perfekt">
    <skipped/>
  </testcase> <!-- perfekt -->
  <testcase classname="org.ags.FooterLinks" name="login">
    <skipped/>
  </testcase> <!-- login -->
  <testcase classname="org.ags.FooterLinks" name="printingPapers">
    <skipped/>
  </testcase> <!-- printingPapers -->
  <testcase classname="org.ags.FooterLinks" name="elfen">
    <skipped/>
  </testcase> <!-- elfen -->
  <testcase classname="org.ags.FooterLinks" name="tapesAdhesives">
    <skipped/>
  </testcase> <!-- tapesAdhesives -->
  <testcase classname="org.ags.FooterLinks" name="elba">
    <skipped/>
  </testcase> <!-- elba -->
  <testcase classname="org.ags.FooterLinks" name="boxFileRingBinders">
    <skipped/>
  </testcase> <!-- boxFileRingBinders -->
  <testcase classname="org.ags.FooterLinks" name="accountSetting">
    <skipped/>
  </testcase> <!-- accountSetting -->
  <testcase classname="org.ags.FooterLinks" name="M3">
    <skipped/>
  </testcase> <!-- M3 -->
  <testcase classname="org.ags.FooterLinks" name="rexel">
    <skipped/>
  </testcase> <!-- rexel -->
  <testcase classname="org.ags.FooterLinks" name="dividersAndSpineBars">
    <skipped/>
  </testcase> <!-- dividersAndSpineBars -->
  <testcase classname="org.ags.FooterLinks" name="hsm">
    <skipped/>
  </testcase> <!-- hsm -->
  <testcase classname="org.ags.FooterLinks" name="airPurifiers">
    <skipped/>
  </testcase> <!-- airPurifiers -->
  <testcase classname="org.ags.FooterLinks" name="avery">
    <skipped/>
  </testcase> <!-- avery -->
  <testcase classname="org.ags.FooterLinks" name="whoWeAre">
    <skipped/>
  </testcase> <!-- whoWeAre -->
  <testcase classname="org.ags.FooterLinks" name="uAE">
    <skipped/>
  </testcase> <!-- uAE -->
  <testcase classname="org.ags.FooterLinks" name="paperOne">
    <skipped/>
  </testcase> <!-- paperOne -->
  <testcase classname="org.ags.FooterLinks" name="termsAndCondition">
    <skipped/>
  </testcase> <!-- termsAndCondition -->
  <testcase classname="org.ags.FooterLinks" name="edding">
    <skipped/>
  </testcase> <!-- edding -->
  <testcase classname="org.ags.FooterLinks" name="shredders">
    <skipped/>
  </testcase> <!-- shredders -->
  <testcase classname="org.ags.FooterLinks" name="returnsRefunds">
    <skipped/>
  </testcase> <!-- returnsRefunds -->
  <testcase classname="org.ags.FooterLinks" name="durable">
    <skipped/>
  </testcase> <!-- durable -->
  <testcase classname="org.ags.FooterLinks" name="notebookAndWritingpads">
    <skipped/>
  </testcase> <!-- notebookAndWritingpads -->
  <testcase classname="org.ags.FooterLinks" name="deliveryPolicy">
    <skipped/>
  </testcase> <!-- deliveryPolicy -->
  <testcase classname="org.ags.FooterLinks" name="punctureStaplerScissors">
    <skipped/>
  </testcase> <!-- punctureStaplerScissors -->
  <testcase classname="org.ags.FooterLinks" name="deli">
    <skipped/>
  </testcase> <!-- deli -->
  <testcase classname="org.ags.FooterLinks" name="writingInstruments">
    <skipped/>
  </testcase> <!-- writingInstruments -->
  <testcase classname="org.ags.FooterLinks" name="omega">
    <skipped/>
  </testcase> <!-- omega -->
  <testcase classname="org.ags.FooterLinks" name="deskSupplies">
    <skipped/>
  </testcase> <!-- deskSupplies -->
  <testcase classname="org.ags.FooterLinks" name="labelMakers">
    <skipped/>
  </testcase> <!-- labelMakers -->
  <testcase classname="org.ags.FooterLinks" name="privacyPolicy">
    <skipped/>
  </testcase> <!-- privacyPolicy -->
  <testcase classname="org.ags.FooterLinks" name="businessServices">
    <skipped/>
  </testcase> <!-- businessServices -->
  <testcase classname="org.ags.FooterLinks" name="ourLocations">
    <skipped/>
  </testcase> <!-- ourLocations -->
  <testcase classname="org.ags.FooterLinks" name="bic">
    <skipped/>
  </testcase> <!-- bic -->
  <testcase classname="org.ags.FooterLinks" name="contactUs">
    <skipped/>
  </testcase> <!-- contactUs -->
  <testcase classname="org.ags.FooterLinks" name="laminators">
    <skipped/>
  </testcase> <!-- laminators -->
  <testcase classname="org.ags.FooterLinks" name="register">
    <skipped/>
  </testcase> <!-- register -->
  <testcase classname="org.ags.FooterLinks" name="businesLogReg">
    <skipped/>
  </testcase> <!-- businesLogReg -->
  <testcase classname="org.ags.FooterLinks" name="generalSupplies">
    <skipped/>
  </testcase> <!-- generalSupplies -->
  <testcase classname="org.ags.FooterLinks" name="supplyAccessories">
    <skipped/>
  </testcase> <!-- supplyAccessories -->
  <testcase classname="org.ags.FooterLinks" name="siteMap">
    <skipped/>
  </testcase> <!-- siteMap -->
  <testcase classname="org.ags.FooterLinks" name="officeSupplies">
    <skipped/>
  </testcase> <!-- officeSupplies -->
  <testcase classname="org.ags.FooterLinks" name="calculators">
    <skipped/>
  </testcase> <!-- calculators -->
  <testcase classname="org.ags.FooterLinks" name="otherFilesAndFolders">
    <skipped/>
  </testcase> <!-- otherFilesAndFolders -->
  <testcase classname="org.ags.FooterLinks" name="falken">
    <skipped/>
  </testcase> <!-- falken -->
  <testcase classname="org.ags.FooterLinks" name="careers">
    <skipped/>
  </testcase> <!-- careers -->
  <testcase classname="org.ags.FooterLinks" name="faqs">
    <skipped/>
  </testcase> <!-- faqs -->
</testsuite> <!-- org.ags.FooterLinks -->
